TN:
SF:src\users\model\ModelUsers_ListUsers.ts
FN:16,<instance_members_initializer>
FN:17,ModelUsers_ListUsers
FN:22,result
FNF:3
FNH:3
FNDA:2,<instance_members_initializer>
FNDA:2,ModelUsers_ListUsers
FNDA:2,result
DA:1,1
DA:2,1
DA:3,1
DA:4,1
DA:5,1
DA:6,1
DA:7,1
DA:8,1
DA:9,1
DA:10,1
DA:11,1
DA:12,1
DA:13,1
DA:14,1
DA:15,1
DA:16,2
DA:17,2
DA:18,2
DA:19,2
DA:20,2
DA:21,2
DA:22,2
DA:23,2
DA:24,2
DA:25,1
DA:26,1
DA:27,1
DA:28,1
DA:29,1
DA:30,1
DA:31,1
DA:32,1
DA:33,2
DA:34,2
LF:34
LH:34
BRDA:16,0,0,2
BRDA:17,1,0,2
BRDA:22,2,0,2
BRDA:24,3,0,1
BRF:4
BRH:4
end_of_record
