TN:
SF:src\databasesql\SQLQueryInsert.ts
FN:3,<instance_members_initializer>
FN:4,SQLQueryInsert
FN:9,get validAttrs
FN:19,get sql
FN:24,get propsValues
FNF:5
FNH:5
FNDA:2,<instance_members_initializer>
FNDA:2,SQLQueryInsert
FNDA:4,get validAttrs
FNDA:2,get sql
FNDA:2,get propsValues
DA:1,1
DA:2,1
DA:3,2
DA:4,2
DA:5,2
DA:6,2
DA:7,2
DA:8,2
DA:9,2
DA:10,4
DA:11,4
DA:12,34
DA:13,34
DA:14,34
DA:15,4
DA:16,4
DA:17,4
DA:18,2
DA:19,2
DA:20,2
DA:21,2
DA:22,2
DA:23,2
DA:24,2
DA:25,2
DA:26,2
DA:27,2
DA:28,2
LF:28
LH:28
BRDA:3,0,0,2
BRDA:4,1,0,2
BRDA:9,2,0,4
BRDA:11,3,0,34
BRDA:19,4,0,2
BRDA:24,5,0,2
BRF:6
BRH:6
end_of_record
TN:
SF:src\databasesql\index.ts
FNF:0
FNH:0
DA:1,1
DA:2,1
DA:3,1
DA:4,1
DA:5,1
DA:6,1
DA:7,1
LF:7
LH:7
BRF:0
BRH:0
end_of_record
TN:
SF:src\users\model\ModelUsers_Insert.ts
FN:6,<instance_members_initializer>
FN:7,ModelUsers_Insert
FN:12,result
FNF:3
FNH:3
FNDA:2,<instance_members_initializer>
FNDA:2,ModelUsers_Insert
FNDA:2,result
DA:1,1
DA:2,1
DA:3,1
DA:4,1
DA:5,1
DA:6,2
DA:7,2
DA:8,2
DA:9,2
DA:10,2
DA:11,2
DA:12,2
DA:13,2
DA:14,2
DA:15,2
DA:16,2
DA:17,2
DA:18,2
DA:19,2
DA:20,2
DA:21,2
LF:21
LH:21
BRDA:6,0,0,2
BRDA:7,1,0,2
BRDA:12,2,0,2
BRF:3
BRH:3
end_of_record
